-------------------------------------------------------------------------------
Test set: com.feuji.PropertyinvestmentAdminMicroserviceApplicationTests
-------------------------------------------------------------------------------
Tests run: 1, Failures: 0, Errors: 1, Skipped: 0, Time elapsed: 0.806 s <<< FAILURE! - in com.feuji.PropertyinvestmentAdminMicroserviceApplicationTests
com.feuji.PropertyinvestmentAdminMicroserviceApplicationTests  Time elapsed: 0.803 s  <<< ERROR!
java.lang.IllegalStateException: Found multiple @SpringBootConfiguration annotated classes [Generic bean: class [com.feuji.PropertyinvestmentAdminMicroserviceApplication]; scope=; abstract=false; lazyInit=null; autowireMode=0; dependencyCheck=0; autowireCandidate=true; primary=false; factoryBeanName=null; factoryMethodName=null; initMethodName=null; destroyMethodName=null; defined in file [C:\Users\siva1\git\repository\admin\siva1907\propertyInvestment_property_microservice.git\propertyinvestment_admin_microservice\target\classes\com\feuji\PropertyinvestmentAdminMicroserviceApplication.class], Generic bean: class [com.feuji.PropertyInvestmentEntitymcMiroservicesApplication]; scope=; abstract=false; lazyInit=null; autowireMode=0; dependencyCheck=0; autowireCandidate=true; primary=false; factoryBeanName=null; factoryMethodName=null; initMethodName=null; destroyMethodName=null; defined in URL [jar:file:/C:/Users/siva1/.m2/repository/com/feuji/property_Investment_entity_miroservices/0.0.1-SNAPSHOT/property_Investment_entity_miroservices-0.0.1-SNAPSHOT.jar!/com/feuji/PropertyInvestmentEntitymcMiroservicesApplication.class]]

