<?xml version="1.0" encoding="UTF-8"?>
<testsuite xmlns:xsi="http://www.w3.org/2001/XMLSchema-instance" xsi:noNamespaceSchemaLocation="https://maven.apache.org/surefire/maven-surefire-plugin/xsd/surefire-test-report.xsd" name="com.feuji.PropertyinvestmentAdminMicroserviceApplicationTests" time="0.806" tests="1" errors="1" skipped="0" failures="0">
  <properties>
[...]
</properties>
  <testcase name="com.feuji.PropertyinvestmentAdminMicroserviceApplicationTests" classname="com.feuji.PropertyinvestmentAdminMicroserviceApplicationTests" time="0.803">
    <error message="Found multiple @SpringBootConfiguration annotated classes [Generic bean: class [com.feuji.PropertyinvestmentAdminMicroserviceApplication]; scope=; abstract=false; lazyInit=null; autowireMode=0; dependencyCheck=0; autowireCandidate=true; primary=false; factoryBeanName=null; factoryMethodName=null; initMethodName=null; destroyMethodName=null; defined in file [C:\Users\siva1\git\repository\admin\siva1907\propertyInvestment_property_microservice.git\propertyinvestment_admin_microservice\target\classes\com\feuji\PropertyinvestmentAdminMicroserviceApplication.class], Generic bean: class [com.feuji.PropertyInvestmentEntitymcMiroservicesApplication]; scope=; abstract=false; lazyInit=null; autowireMode=0; dependencyCheck=0; autowireCandidate=true; primary=false; factoryBeanName=null; factoryMethodName=null; initMethodName=null; destroyMethodName=null; defined in URL [jar:file:/C:/Users/siva1/.m2/repository/com/feuji/property_Investment_entity_miroservices/0.0.1-SNAPSHOT/property_Investment_entity_miroservices-0.0.1-SNAPSHOT.jar!/com/feuji/PropertyInvestmentEntitymcMiroservicesApplication.class]]" type="java.lang.IllegalStateException">java.lang.IllegalStateException: Found multiple @SpringBootConfiguration annotated classes [Generic bean: class [com.feuji.PropertyinvestmentAdminMicroserviceApplication]; scope=; abstract=false; lazyInit=null; autowireMode=0; dependencyCheck=0; autowireCandidate=true; primary=false; factoryBeanName=null; factoryMethodName=null; initMethodName=null; destroyMethodName=null; defined in file [C:\Users\siva1\git\repository\admin\siva1907\propertyInvestment_property_microservice.git\propertyinvestment_admin_microservice\target\classes\com\feuji\PropertyinvestmentAdminMicroserviceApplication.class], Generic bean: class [com.feuji.PropertyInvestmentEntitymcMiroservicesApplication]; scope=; abstract=false; lazyInit=null; autowireMode=0; dependencyCheck=0; autowireCandidate=true; primary=false; factoryBeanName=null; factoryMethodName=null; initMethodName=null; destroyMethodName=null; defined in URL [jar:file:/C:/Users/siva1/.m2/repository/com/feuji/property_Investment_entity_miroservices/0.0.1-SNAPSHOT/property_Investment_entity_miroservices-0.0.1-SNAPSHOT.jar!/com/feuji/PropertyInvestmentEntitymcMiroservicesApplication.class]]
</error>
    <system-out><![CDATA[23:43:47.133 [main] DEBUG org.springframework.test.context.BootstrapUtils - Instantiating CacheAwareContextLoaderDelegate from class [org.springframework.test.context.cache.DefaultCacheAwareContextLoaderDelegate]
23:43:47.159 [main] DEBUG org.springframework.test.context.BootstrapUtils - Instantiating BootstrapContext using constructor [public org.springframework.test.context.support.DefaultBootstrapContext(java.lang.Class,org.springframework.test.context.CacheAwareContextLoaderDelegate)]
23:43:47.291 [main] DEBUG org.springframework.test.context.BootstrapUtils - Instantiating TestContextBootstrapper for test class [com.feuji.PropertyinvestmentAdminMicroserviceApplicationTests] from class [org.springframework.boot.test.context.SpringBootTestContextBootstrapper]
23:43:47.317 [main] INFO org.springframework.boot.test.context.SpringBootTestContextBootstrapper - Neither @ContextConfiguration nor @ContextHierarchy found for test class [com.feuji.PropertyinvestmentAdminMicroserviceApplicationTests], using SpringBootContextLoader
23:43:47.325 [main] DEBUG org.springframework.test.context.support.AbstractContextLoader - Did not detect default resource location for test class [com.feuji.PropertyinvestmentAdminMicroserviceApplicationTests]: class path resource [com/feuji/PropertyinvestmentAdminMicroserviceApplicationTests-context.xml] does not exist
23:43:47.326 [main] DEBUG org.springframework.test.context.support.AbstractContextLoader - Did not detect default resource location for test class [com.feuji.PropertyinvestmentAdminMicroserviceApplicationTests]: class path resource [com/feuji/PropertyinvestmentAdminMicroserviceApplicationTestsContext.groovy] does not exist
23:43:47.326 [main] INFO org.springframework.test.context.support.AbstractContextLoader - Could not detect default resource locations for test class [com.feuji.PropertyinvestmentAdminMicroserviceApplicationTests]: no resource found for suffixes {-context.xml, Context.groovy}.
23:43:47.328 [main] INFO org.springframework.test.context.support.AnnotationConfigContextLoaderUtils - Could not detect default configuration classes for test class [com.feuji.PropertyinvestmentAdminMicroserviceApplicationTests]: PropertyinvestmentAdminMicroserviceApplicationTests does not declare any static, non-private, non-final, nested classes annotated with @Configuration.
23:43:47.445 [main] DEBUG org.springframework.test.context.support.ActiveProfilesUtils - Could not find an 'annotation declaring class' for annotation type [org.springframework.test.context.ActiveProfiles] and class [com.feuji.PropertyinvestmentAdminMicroserviceApplicationTests]
23:43:47.663 [main] DEBUG org.springframework.context.annotation.ClassPathScanningCandidateComponentProvider - Identified candidate component class: file [C:\Users\siva1\git\repository\admin\siva1907\propertyInvestment_property_microservice.git\propertyinvestment_admin_microservice\target\classes\com\feuji\PropertyinvestmentAdminMicroserviceApplication.class]
23:43:47.664 [main] DEBUG org.springframework.context.annotation.ClassPathScanningCandidateComponentProvider - Identified candidate component class: URL [jar:file:/C:/Users/siva1/.m2/repository/com/feuji/property_Investment_entity_miroservices/0.0.1-SNAPSHOT/property_Investment_entity_miroservices-0.0.1-SNAPSHOT.jar!/com/feuji/PropertyInvestmentEntitymcMiroservicesApplication.class]
]]></system-out>
  </testcase>
</testsuite>